[afsahfarooqui-portfoliowebsite.netlify.app/index.html]
[backblue.gif]
[fade.gif]
[index.html]
[afsahfarooqui-portfoliowebsite.netlify.app/style.css]
[cdn.jsdelivr.net/npm/bootstrap@5.3.3/dist/css/bootstrap.min.css]
[cdn.jsdelivr.net/npm/bootstrap-icons/font/bootstrap-icons.css]
[cdnjs.cloudflare.com/ajax/libs/font-awesome/5.15.4/css/all.min.css]
[cdnjs.cloudflare.com/ajax/libs/font-awesome/6.0.0-beta3/css/all.min.css]
[afsahfarooqui-portfoliowebsite.netlify.app/about.html]
[afsahfarooqui-portfoliowebsite.netlify.app/service.html]
[afsahfarooqui-portfoliowebsite.netlify.app/graphic.html]
[afsahfarooqui-portfoliowebsite.netlify.app/webdevelopment.html]
[afsahfarooqui-portfoliowebsite.netlify.app/appdevelopment.html]
[afsahfarooqui-portfoliowebsite.netlify.app/seo.html]
[afsahfarooqui-portfoliowebsite.netlify.app/smm.html]
[afsahfarooqui-portfoliowebsite.netlify.app/portfolio.html]
[afsahfarooqui-portfoliowebsite.netlify.app/contact.html]
[afsahfarooqui-portfoliowebsite.netlify.app/assets/instagram-logo.svg]
[afsahfarooqui-portfoliowebsite.netlify.app/assets/linkedin-logo.svg]
[afsahfarooqui-portfoliowebsite.netlify.app/assets/about-sec.jpg]
[cdn.jsdelivr.net/npm/bootstrap@5.3.3/dist/js/bootstrap.bundle.min.js]
[afsahfarooqui-portfoliowebsite.netlify.app/index.html]
[afsahfarooqui-portfoliowebsite.netlify.app/script.js]
[afsahfarooqui-portfoliowebsite.netlify.app/assets/home-header.jpg]
[afsahfarooqui-portfoliowebsite.netlify.app/style.css]
[cdn.jsdelivr.net/npm/bootstrap@5.3.3/dist/css/bootstrap.min.css]
[cdn.jsdelivr.net/npm/bootstrap-icons/font/fonts/bootstrap-icons04d5.woff2]
[cdn.jsdelivr.net/npm/bootstrap-icons/font/fonts/bootstrap-icons04d5.woff]
[cdn.jsdelivr.net/npm/bootstrap-icons/font/bootstrap-icons.css]
[cdnjs.cloudflare.com/ajax/libs/font-awesome/5.15.4/css/all.min.css]
[cdnjs.cloudflare.com/ajax/libs/font-awesome/6.0.0-beta3/css/all.min.css]
[afsahfarooqui-portfoliowebsite.netlify.app/assets/about-header.jpg]
[afsahfarooqui-portfoliowebsite.netlify.app/assets/about-page.jpg]
[afsahfarooqui-portfoliowebsite.netlify.app/about.html]
[cdn.jsdelivr.net/npm/@srexi/purecounterjs/dist/purecounter_vanilla.js]
[afsahfarooqui-portfoliowebsite.netlify.app/assets/service-header.jpg]
[afsahfarooqui-portfoliowebsite.netlify.app/assets/testimonials/testimonal-1.png]
[afsahfarooqui-portfoliowebsite.netlify.app/assets/testimonials/testimonal-2.png]
[afsahfarooqui-portfoliowebsite.netlify.app/assets/testimonials/testimonal-3.png]
[afsahfarooqui-portfoliowebsite.netlify.app/assets/testimonials/testimonal-4.png]
[afsahfarooqui-portfoliowebsite.netlify.app/assets/testimonials/testimonal-5.png]
[afsahfarooqui-portfoliowebsite.netlify.app/service.html]
[afsahfarooqui-portfoliowebsite.netlify.app/assets/graphic-design.jpg]
[afsahfarooqui-portfoliowebsite.netlify.app/graphic.html]
[afsahfarooqui-portfoliowebsite.netlify.app/assets/web.jpg]
[afsahfarooqui-portfoliowebsite.netlify.app/webdevelopment.html]
[afsahfarooqui-portfoliowebsite.netlify.app/assets/app-development.avif]
[afsahfarooqui-portfoliowebsite.netlify.app/appdevelopment.html]
[afsahfarooqui-portfoliowebsite.netlify.app/assets/seo.png]
[afsahfarooqui-portfoliowebsite.netlify.app/seo.html]
[afsahfarooqui-portfoliowebsite.netlify.app/assets/smm.jpg]
[afsahfarooqui-portfoliowebsite.netlify.app/smm.html]
[afsahfarooqui-portfoliowebsite.netlify.app/assets/portfolio-header.png]
[afsahfarooqui-portfoliowebsite.netlify.app/portfolio-graphic.html]
[afsahfarooqui-portfoliowebsite.netlify.app/portfolio-web.html]
[afsahfarooqui-portfoliowebsite.netlify.app/portfolio-app.html]
[afsahfarooqui-portfoliowebsite.netlify.app/portfolio-smm.html]
[afsahfarooqui-portfoliowebsite.netlify.app/assets/portfolio/graphic ui-ux (1).jpg]
[afsahfarooqui-portfoliowebsite.netlify.app/assets/portfolio/logo (5).jpg]
[afsahfarooqui-portfoliowebsite.netlify.app/assets/portfolio/graphic ui-ux (2).jpg]
[afsahfarooqui-portfoliowebsite.netlify.app/assets/portfolio/graphic ui-ux (3).jpg]
[afsahfarooqui-portfoliowebsite.netlify.app/assets/portfolio/graphic ui-ux (4).jpg]
[afsahfarooqui-portfoliowebsite.netlify.app/assets/portfolio/logo (9).jpg]
[afsahfarooqui-portfoliowebsite.netlify.app/assets/portfolio/logo (4).jpg]
[afsahfarooqui-portfoliowebsite.netlify.app/assets/portfolio/logo (7).png]
[afsahfarooqui-portfoliowebsite.netlify.app/assets/portfolio/brochure-1.jpg]
[afsahfarooqui-portfoliowebsite.netlify.app/assets/portfolio/brochure-2.jpg]
[afsahfarooqui-portfoliowebsite.netlify.app/assets/portfolio/brochure-3.jpg]
[afsahfarooqui-portfoliowebsite.netlify.app/assets/portfolio/brochure-4.jpg]
[afsahfarooqui-portfoliowebsite.netlify.app/assets/portfolio/webdev-front (1).png]
[afsahfarooqui-portfoliowebsite.netlify.app/assets/portfolio/webdev (1).png]
[afsahfarooqui-portfoliowebsite.netlify.app/assets/portfolio/webdev-wp-front (1).png]
[afsahfarooqui-portfoliowebsite.netlify.app/assets/portfolio/webdev-wp (1).png]
[afsahfarooqui-portfoliowebsite.netlify.app/assets/portfolio/webdev-front (3).png]
[afsahfarooqui-portfoliowebsite.netlify.app/assets/portfolio/webdev (3).png]
[afsahfarooqui-portfoliowebsite.netlify.app/assets/portfolio/app-1.jpg]
[afsahfarooqui-portfoliowebsite.netlify.app/assets/portfolio/app-2.jpg]
[afsahfarooqui-portfoliowebsite.netlify.app/assets/portfolio/app-3.jpg]
[afsahfarooqui-portfoliowebsite.netlify.app/portfolio.html]
[afsahfarooqui-portfoliowebsite.netlify.app/assets/contact-header.jpg]
[afsahfarooqui-portfoliowebsite.netlify.app/contact.html]
[afsahfarooqui-portfoliowebsite.netlify.app/assets/freelancer-logo.svg]
[afsahfarooqui-portfoliowebsite.netlify.app/assets/instagram-logo.svg]
[afsahfarooqui-portfoliowebsite.netlify.app/assets/linkedin-logo.svg]
[afsahfarooqui-portfoliowebsite.netlify.app/assets/facebook-logo.svg]
[afsahfarooqui-portfoliowebsite.netlify.app/assets/portfolio/logo (1).jpg]
[afsahfarooqui-portfoliowebsite.netlify.app/assets/portfolio/logo (8).png]
[afsahfarooqui-portfoliowebsite.netlify.app/assets/portfolio/logo (2).jpg]
[afsahfarooqui-portfoliowebsite.netlify.app/assets/portfolio/logo (3).jpg]
[afsahfarooqui-portfoliowebsite.netlify.app/assets/portfolio/logo (6).jpg]
[afsahfarooqui-portfoliowebsite.netlify.app/assets/portfolio/brand identidy -1.jpg]
[afsahfarooqui-portfoliowebsite.netlify.app/assets/portfolio/brand identidy -2.jpg]
[afsahfarooqui-portfoliowebsite.netlify.app/assets/portfolio/brand identidy -3.jpg]
[afsahfarooqui-portfoliowebsite.netlify.app/assets/portfolio/graphic package(1).jpg]
[afsahfarooqui-portfoliowebsite.netlify.app/assets/portfolio/graphic package  (2).jpg]
[afsahfarooqui-portfoliowebsite.netlify.app/assets/portfolio/graphic package (3).jpg]
[afsahfarooqui-portfoliowebsite.netlify.app/portfolio-graphic.html]
[afsahfarooqui-portfoliowebsite.netlify.app/assets/portfolio/webdev-front (2).png]
[afsahfarooqui-portfoliowebsite.netlify.app/assets/portfolio/webdev (2).png]
[afsahfarooqui-portfoliowebsite.netlify.app/assets/portfolio/webdev-wp-front (2).png]
[afsahfarooqui-portfoliowebsite.netlify.app/assets/portfolio/webdev-wp (2).png]
[afsahfarooqui-portfoliowebsite.netlify.app/assets/portfolio/webdev-wp-front (3).png]
[afsahfarooqui-portfoliowebsite.netlify.app/assets/portfolio/webdev-wp (3).png]
[afsahfarooqui-portfoliowebsite.netlify.app/assets/portfolio/webdev-shopify-front (1).png]
[afsahfarooqui-portfoliowebsite.netlify.app/assets/portfolio/webdev-shopify  (1).png]
[afsahfarooqui-portfoliowebsite.netlify.app/assets/portfolio/webdev-shopify-front (2).png]
[afsahfarooqui-portfoliowebsite.netlify.app/assets/portfolio/webdev-shopify (2).png]
[afsahfarooqui-portfoliowebsite.netlify.app/assets/portfolio/webdev-shopify-front (3).png]
[afsahfarooqui-portfoliowebsite.netlify.app/assets/portfolio/webdev-shopify (3).png]
[afsahfarooqui-portfoliowebsite.netlify.app/portfolio-web.html]
[afsahfarooqui-portfoliowebsite.netlify.app/portfolio-app.html]
[afsahfarooqui-portfoliowebsite.netlify.app/portfolio-smm.html]
